<?xml version="1.0" encoding="UTF-8"?>
<coverage generated="1676679377409" clover="3.2.0">
  <project timestamp="1676679377409" name="All files">
    <metrics statements="67" coveredstatements="43" conditionals="38" coveredconditionals="19" methods="21" coveredmethods="10" elements="126" coveredelements="72" complexity="0" loc="67" ncloc="67" packages="4" files="8" classes="8"/>
    <package name="src">
      <metrics statements="3" coveredstatements="0" conditionals="0" coveredconditionals="0" methods="1" coveredmethods="0"/>
      <file name="main.jsx" path="D:\Documentos\ProyectosLab\DEV001-burger-queen-api-client\src\main.jsx">
        <metrics statements="2" coveredstatements="0" conditionals="0" coveredconditionals="0" methods="0" coveredmethods="0"/>
        <line num="8" count="0" type="stmt"/>
        <line num="10" count="0" type="stmt"/>
      </file>
      <file name="router.jsx" path="D:\Documentos\ProyectosLab\DEV001-burger-queen-api-client\src\router.jsx">
        <metrics statements="1" coveredstatements="0" conditionals="0" coveredconditionals="0" methods="1" coveredmethods="0"/>
        <line num="11" count="0" type="stmt"/>
      </file>
    </package>
    <package name="src.components">
      <metrics statements="34" coveredstatements="33" conditionals="14" coveredconditionals="14" methods="8" coveredmethods="7"/>
      <file name="Footer.jsx" path="D:\Documentos\ProyectosLab\DEV001-burger-queen-api-client\src\components\Footer.jsx">
        <metrics statements="2" coveredstatements="2" conditionals="0" coveredconditionals="0" methods="1" coveredmethods="1"/>
        <line num="4" count="4" type="stmt"/>
        <line num="5" count="4" type="stmt"/>
      </file>
      <file name="Home.jsx" path="D:\Documentos\ProyectosLab\DEV001-burger-queen-api-client\src\components\Home.jsx">
        <metrics statements="2" coveredstatements="2" conditionals="0" coveredconditionals="0" methods="1" coveredmethods="1"/>
        <line num="6" count="3" type="stmt"/>
        <line num="7" count="3" type="stmt"/>
      </file>
      <file name="Login.jsx" path="D:\Documentos\ProyectosLab\DEV001-burger-queen-api-client\src\components\Login.jsx">
        <metrics statements="29" coveredstatements="29" conditionals="14" coveredconditionals="14" methods="5" coveredmethods="5"/>
        <line num="7" count="2" type="stmt"/>
        <line num="14" count="72" type="stmt"/>
        <line num="15" count="72" type="stmt"/>
        <line num="16" count="72" type="stmt"/>
        <line num="17" count="72" type="stmt"/>
        <line num="20" count="4" type="stmt"/>
        <line num="21" count="4" type="stmt"/>
        <line num="22" count="4" type="stmt"/>
        <line num="24" count="2" type="stmt"/>
        <line num="28" count="2" type="cond" truecount="2" falsecount="0"/>
        <line num="29" count="1" type="stmt"/>
        <line num="30" count="1" type="stmt"/>
        <line num="32" count="1" type="stmt"/>
        <line num="35" count="2" type="cond" truecount="2" falsecount="0"/>
        <line num="36" count="1" type="stmt"/>
        <line num="38" count="2" type="cond" truecount="2" falsecount="0"/>
        <line num="39" count="1" type="stmt"/>
        <line num="45" count="59" type="stmt"/>
        <line num="46" count="59" type="stmt"/>
        <line num="52" count="59" type="cond" truecount="2" falsecount="0"/>
        <line num="53" count="44" type="stmt"/>
        <line num="55" count="59" type="cond" truecount="2" falsecount="0"/>
        <line num="56" count="15" type="stmt"/>
        <line num="61" count="6" type="stmt"/>
        <line num="63" count="4" type="cond" truecount="2" falsecount="0"/>
        <line num="64" count="1" type="stmt"/>
        <line num="67" count="4" type="cond" truecount="2" falsecount="0"/>
        <line num="68" count="3" type="stmt"/>
        <line num="73" count="72" type="stmt"/>
      </file>
      <file name="WaiterPanel.jsx" path="D:\Documentos\ProyectosLab\DEV001-burger-queen-api-client\src\components\WaiterPanel.jsx">
        <metrics statements="1" coveredstatements="0" conditionals="0" coveredconditionals="0" methods="1" coveredmethods="0"/>
        <line num="5" count="0" type="stmt"/>
      </file>
    </package>
    <package name="src.fetch-api">
      <metrics statements="19" coveredstatements="0" conditionals="18" coveredconditionals="0" methods="9" coveredmethods="0"/>
      <file name="httpRequest.js" path="D:\Documentos\ProyectosLab\DEV001-burger-queen-api-client\src\fetch-api\httpRequest.js">
        <metrics statements="19" coveredstatements="0" conditionals="18" coveredconditionals="0" methods="9" coveredmethods="0"/>
        <line num="4" count="0" type="stmt"/>
        <line num="8" count="0" type="stmt"/>
        <line num="9" count="0" type="stmt"/>
        <line num="10" count="0" type="cond" truecount="0" falsecount="2"/>
        <line num="11" count="0" type="cond" truecount="0" falsecount="2"/>
        <line num="14" count="0" type="cond" truecount="0" falsecount="2"/>
        <line num="15" count="0" type="cond" truecount="0" falsecount="2"/>
        <line num="17" count="0" type="stmt"/>
        <line num="19" count="0" type="stmt"/>
        <line num="21" count="0" type="cond" truecount="0" falsecount="2"/>
        <line num="29" count="0" type="stmt"/>
        <line num="33" count="0" type="stmt"/>
        <line num="36" count="0" type="stmt"/>
        <line num="37" count="0" type="stmt"/>
        <line num="40" count="0" type="stmt"/>
        <line num="41" count="0" type="stmt"/>
        <line num="44" count="0" type="stmt"/>
        <line num="45" count="0" type="stmt"/>
        <line num="47" count="0" type="stmt"/>
      </file>
    </package>
    <package name="src.utils">
      <metrics statements="11" coveredstatements="10" conditionals="6" coveredconditionals="5" methods="3" coveredmethods="3"/>
      <file name="validate.jsx" path="D:\Documentos\ProyectosLab\DEV001-burger-queen-api-client\src\utils\validate.jsx">
        <metrics statements="11" coveredstatements="10" conditionals="6" coveredconditionals="5" methods="3" coveredmethods="3"/>
        <line num="2" count="10" type="stmt"/>
        <line num="3" count="10" type="stmt"/>
        <line num="7" count="10" type="stmt"/>
        <line num="8" count="10" type="stmt"/>
        <line num="9" count="10" type="cond" truecount="1" falsecount="1"/>
        <line num="10" count="0" type="stmt"/>
        <line num="11" count="10" type="cond" truecount="2" falsecount="0"/>
        <line num="12" count="2" type="stmt"/>
        <line num="14" count="10" type="cond" truecount="2" falsecount="0"/>
        <line num="15" count="6" type="stmt"/>
        <line num="17" count="10" type="stmt"/>
      </file>
    </package>
  </project>
</coverage>
