{"D:\\Documentos\\ProyectosLab\\DEV001-burger-queen-api-client\\src\\components\\Footer.jsx": {"path":"D:\\Documentos\\ProyectosLab\\DEV001-burger-queen-api-client\\src\\components\\Footer.jsx","statementMap":{"0":{"start":{"line":4,"column":2},"end":{"line":8,"column":3}}},"fnMap":{"0":{"name":"Footer","decl":{"start":{"line":3,"column":16},"end":{"line":3,"column":22}},"loc":{"start":{"line":3,"column":26},"end":{"line":9,"column":1}},"line":3}},"branchMap":{},"s":{"0":1},"f":{"0":1},"b":{},"_coverageSchema":"1a1c01bbd47fc00a2c39e90264f33305004495a9","hash":"83800cd150dc23f821a01e1e4d2ac6e486c267e4"}
}
