{"D:\\Documentos\\ProyectosLab\\DEV001-burger-queen-api-client\\src\\PrivateRouter.jsx": {"path":"D:\\Documentos\\ProyectosLab\\DEV001-burger-queen-api-client\\src\\PrivateRouter.jsx","statementMap":{"0":{"start":{"line":5,"column":28},"end":{"line":14,"column":1}},"1":{"start":{"line":6,"column":22},"end":{"line":6,"column":69}},"2":{"start":{"line":8,"column":2},"end":{"line":11,"column":3}},"3":{"start":{"line":9,"column":4},"end":{"line":9,"column":54}},"4":{"start":{"line":10,"column":4},"end":{"line":10,"column":30}},"5":{"start":{"line":13,"column":2},"end":{"line":13,"column":35}}},"fnMap":{"0":{"name":"(anonymous_0)","decl":{"start":{"line":5,"column":28},"end":{"line":5,"column":29}},"loc":{"start":{"line":5,"column":58},"end":{"line":14,"column":1}},"line":5}},"branchMap":{"0":{"loc":{"start":{"line":8,"column":2},"end":{"line":11,"column":3}},"type":"if","locations":[{"start":{"line":8,"column":2},"end":{"line":11,"column":3}},{"start":{},"end":{}}],"line":8},"1":{"loc":{"start":{"line":13,"column":9},"end":{"line":13,"column":35}},"type":"cond-expr","locations":[{"start":{"line":13,"column":22},"end":{"line":13,"column":30}},{"start":{"line":13,"column":33},"end":{"line":13,"column":35}}],"line":13}},"s":{"0":0,"1":0,"2":0,"3":0,"4":0,"5":0},"f":{"0":0},"b":{"0":[0,0],"1":[0,0]}}
,"D:\\Documentos\\ProyectosLab\\DEV001-burger-queen-api-client\\src\\main.jsx": {"path":"D:\\Documentos\\ProyectosLab\\DEV001-burger-queen-api-client\\src\\main.jsx","statementMap":{"0":{"start":{"line":7,"column":13},"end":{"line":7,"column":56}},"1":{"start":{"line":9,"column":0},"end":{"line":16,"column":3}}},"fnMap":{},"branchMap":{},"s":{"0":0,"1":0},"f":{},"b":{}}
,"D:\\Documentos\\ProyectosLab\\DEV001-burger-queen-api-client\\src\\router.jsx": {"path":"D:\\Documentos\\ProyectosLab\\DEV001-burger-queen-api-client\\src\\router.jsx","statementMap":{"0":{"start":{"line":12,"column":22},"end":{"line":12,"column":69}},"1":{"start":{"line":13,"column":2},"end":{"line":33,"column":3}}},"fnMap":{"0":{"name":"router","decl":{"start":{"line":11,"column":9},"end":{"line":11,"column":15}},"loc":{"start":{"line":11,"column":19},"end":{"line":34,"column":1}},"line":11}},"branchMap":{"0":{"loc":{"start":{"line":17,"column":68},"end":{"line":17,"column":107}},"type":"binary-expr","locations":[{"start":{"line":17,"column":68},"end":{"line":17,"column":79}},{"start":{"line":17,"column":83},"end":{"line":17,"column":107}}],"line":17}},"s":{"0":0,"1":0},"f":{"0":0},"b":{"0":[0,0]}}
,"D:\\Documentos\\ProyectosLab\\DEV001-burger-queen-api-client\\src\\api\\server.js": {"path":"D:\\Documentos\\ProyectosLab\\DEV001-burger-queen-api-client\\src\\api\\server.js","statementMap":{"0":{"start":{"line":3,"column":15},"end":{"line":3,"column":27}},"1":{"start":{"line":4,"column":15},"end":{"line":4,"column":46}},"2":{"start":{"line":5,"column":20},"end":{"line":5,"column":34}},"3":{"start":{"line":7,"column":0},"end":{"line":7,"column":23}},"4":{"start":{"line":8,"column":0},"end":{"line":8,"column":26}},"5":{"start":{"line":9,"column":0},"end":{"line":22,"column":2}},"6":{"start":{"line":11,"column":2},"end":{"line":11,"column":35}},"7":{"start":{"line":12,"column":2},"end":{"line":14,"column":3}},"8":{"start":{"line":13,"column":4},"end":{"line":13,"column":35}},"9":{"start":{"line":16,"column":2},"end":{"line":21,"column":3}},"10":{"start":{"line":17,"column":4},"end":{"line":17,"column":37}},"11":{"start":{"line":18,"column":4},"end":{"line":18,"column":10}},"12":{"start":{"line":20,"column":4},"end":{"line":20,"column":23}},"13":{"start":{"line":23,"column":0},"end":{"line":23,"column":18}},"14":{"start":{"line":24,"column":0},"end":{"line":26,"column":2}},"15":{"start":{"line":25,"column":2},"end":{"line":25,"column":39}}},"fnMap":{"0":{"name":"(anonymous_0)","decl":{"start":{"line":9,"column":11},"end":{"line":9,"column":12}},"loc":{"start":{"line":9,"column":31},"end":{"line":22,"column":1}},"line":9},"1":{"name":"(anonymous_1)","decl":{"start":{"line":24,"column":20},"end":{"line":24,"column":21}},"loc":{"start":{"line":24,"column":26},"end":{"line":26,"column":1}},"line":24}},"branchMap":{"0":{"loc":{"start":{"line":12,"column":2},"end":{"line":14,"column":3}},"type":"if","locations":[{"start":{"line":12,"column":2},"end":{"line":14,"column":3}},{"start":{},"end":{}}],"line":12},"1":{"loc":{"start":{"line":16,"column":2},"end":{"line":21,"column":3}},"type":"if","locations":[{"start":{"line":16,"column":2},"end":{"line":21,"column":3}},{"start":{"line":19,"column":9},"end":{"line":21,"column":3}}],"line":16}},"s":{"0":0,"1":0,"2":0,"3":0,"4":0,"5":0,"6":0,"7":0,"8":0,"9":0,"10":0,"11":0,"12":0,"13":0,"14":0,"15":0},"f":{"0":0,"1":0},"b":{"0":[0,0],"1":[0,0]}}
,"D:\\Documentos\\ProyectosLab\\DEV001-burger-queen-api-client\\src\\components\\Footer.jsx": {"path":"D:\\Documentos\\ProyectosLab\\DEV001-burger-queen-api-client\\src\\components\\Footer.jsx","statementMap":{"0":{"start":{"line":4,"column":12},"end":{"line":4,"column":24}},"1":{"start":{"line":5,"column":2},"end":{"line":9,"column":3}}},"fnMap":{"0":{"name":"Footer","decl":{"start":{"line":3,"column":16},"end":{"line":3,"column":22}},"loc":{"start":{"line":3,"column":30},"end":{"line":10,"column":1}},"line":3}},"branchMap":{},"s":{"0":4,"1":4},"f":{"0":4},"b":{},"_coverageSchema":"1a1c01bbd47fc00a2c39e90264f33305004495a9","hash":"59eba3be2c9685101b877d2d2490e6d46560f6a0"}
,"D:\\Documentos\\ProyectosLab\\DEV001-burger-queen-api-client\\src\\components\\Header.jsx": {"path":"D:\\Documentos\\ProyectosLab\\DEV001-burger-queen-api-client\\src\\components\\Header.jsx","statementMap":{"0":{"start":{"line":4,"column":2},"end":{"line":9,"column":3}}},"fnMap":{"0":{"name":"Header","decl":{"start":{"line":3,"column":16},"end":{"line":3,"column":22}},"loc":{"start":{"line":3,"column":26},"end":{"line":10,"column":1}},"line":3}},"branchMap":{},"s":{"0":3},"f":{"0":3},"b":{},"_coverageSchema":"1a1c01bbd47fc00a2c39e90264f33305004495a9","hash":"750a84b6e26f53baa5c7f5a3c79cb685e06641d3"}
,"D:\\Documentos\\ProyectosLab\\DEV001-burger-queen-api-client\\src\\components\\Login.jsx": {"path":"D:\\Documentos\\ProyectosLab\\DEV001-burger-queen-api-client\\src\\components\\Login.jsx","statementMap":{"0":{"start":{"line":7,"column":20},"end":{"line":10,"column":1}},"1":{"start":{"line":13,"column":15},"end":{"line":13,"column":28}},"2":{"start":{"line":14,"column":26},"end":{"line":14,"column":47}},"3":{"start":{"line":15,"column":38},"end":{"line":15,"column":50}},"4":{"start":{"line":16,"column":44},"end":{"line":16,"column":56}},"5":{"start":{"line":20,"column":4},"end":{"line":20,"column":22}},"6":{"start":{"line":22,"column":4},"end":{"line":52,"column":5}},"7":{"start":{"line":23,"column":6},"end":{"line":23,"column":30}},"8":{"start":{"line":25,"column":23},"end":{"line":27,"column":8}},"9":{"start":{"line":30,"column":6},"end":{"line":44,"column":7}},"10":{"start":{"line":31,"column":8},"end":{"line":31,"column":46}},"11":{"start":{"line":33,"column":22},"end":{"line":33,"column":42}},"12":{"start":{"line":34,"column":28},"end":{"line":34,"column":41}},"13":{"start":{"line":35,"column":8},"end":{"line":35,"column":50}},"14":{"start":{"line":36,"column":8},"end":{"line":36,"column":74}},"15":{"start":{"line":37,"column":8},"end":{"line":37,"column":32}},"16":{"start":{"line":38,"column":8},"end":{"line":40,"column":9}},"17":{"start":{"line":39,"column":10},"end":{"line":39,"column":30}},"18":{"start":{"line":46,"column":6},"end":{"line":48,"column":7}},"19":{"start":{"line":47,"column":8},"end":{"line":47,"column":36}},"20":{"start":{"line":49,"column":6},"end":{"line":51,"column":7}},"21":{"start":{"line":50,"column":8},"end":{"line":50,"column":39}},"22":{"start":{"line":56,"column":28},"end":{"line":56,"column":36}},"23":{"start":{"line":57,"column":4},"end":{"line":61,"column":8}},"24":{"start":{"line":63,"column":4},"end":{"line":65,"column":5}},"25":{"start":{"line":64,"column":6},"end":{"line":64,"column":23}},"26":{"start":{"line":66,"column":4},"end":{"line":68,"column":5}},"27":{"start":{"line":67,"column":6},"end":{"line":67,"column":26}},"28":{"start":{"line":72,"column":4},"end":{"line":81,"column":8}},"29":{"start":{"line":74,"column":8},"end":{"line":76,"column":9}},"30":{"start":{"line":75,"column":10},"end":{"line":75,"column":38}},"31":{"start":{"line":78,"column":8},"end":{"line":80,"column":9}},"32":{"start":{"line":79,"column":10},"end":{"line":79,"column":41}},"33":{"start":{"line":84,"column":2},"end":{"line":108,"column":3}}},"fnMap":{"0":{"name":"Login","decl":{"start":{"line":12,"column":16},"end":{"line":12,"column":21}},"loc":{"start":{"line":12,"column":25},"end":{"line":109,"column":1}},"line":12},"1":{"name":"handleSubmit","decl":{"start":{"line":19,"column":17},"end":{"line":19,"column":29}},"loc":{"start":{"line":19,"column":34},"end":{"line":53,"column":3}},"line":19},"2":{"name":"handleChange","decl":{"start":{"line":55,"column":11},"end":{"line":55,"column":23}},"loc":{"start":{"line":55,"column":28},"end":{"line":69,"column":3}},"line":55},"3":{"name":"handleBlur","decl":{"start":{"line":71,"column":11},"end":{"line":71,"column":21}},"loc":{"start":{"line":71,"column":26},"end":{"line":82,"column":3}},"line":71},"4":{"name":"(anonymous_4)","decl":{"start":{"line":73,"column":13},"end":{"line":73,"column":14}},"loc":{"start":{"line":73,"column":24},"end":{"line":81,"column":7}},"line":73}},"branchMap":{"0":{"loc":{"start":{"line":30,"column":6},"end":{"line":44,"column":7}},"type":"if","locations":[{"start":{"line":30,"column":6},"end":{"line":44,"column":7}},{"start":{"line":32,"column":13},"end":{"line":44,"column":7}}],"line":30},"1":{"loc":{"start":{"line":38,"column":8},"end":{"line":40,"column":9}},"type":"if","locations":[{"start":{"line":38,"column":8},"end":{"line":40,"column":9}},{"start":{},"end":{}}],"line":38},"2":{"loc":{"start":{"line":46,"column":6},"end":{"line":48,"column":7}},"type":"if","locations":[{"start":{"line":46,"column":6},"end":{"line":48,"column":7}},{"start":{},"end":{}}],"line":46},"3":{"loc":{"start":{"line":49,"column":6},"end":{"line":51,"column":7}},"type":"if","locations":[{"start":{"line":49,"column":6},"end":{"line":51,"column":7}},{"start":{},"end":{}}],"line":49},"4":{"loc":{"start":{"line":63,"column":4},"end":{"line":65,"column":5}},"type":"if","locations":[{"start":{"line":63,"column":4},"end":{"line":65,"column":5}},{"start":{},"end":{}}],"line":63},"5":{"loc":{"start":{"line":66,"column":4},"end":{"line":68,"column":5}},"type":"if","locations":[{"start":{"line":66,"column":4},"end":{"line":68,"column":5}},{"start":{},"end":{}}],"line":66},"6":{"loc":{"start":{"line":74,"column":8},"end":{"line":76,"column":9}},"type":"if","locations":[{"start":{"line":74,"column":8},"end":{"line":76,"column":9}},{"start":{},"end":{}}],"line":74},"7":{"loc":{"start":{"line":78,"column":8},"end":{"line":80,"column":9}},"type":"if","locations":[{"start":{"line":78,"column":8},"end":{"line":80,"column":9}},{"start":{},"end":{}}],"line":78}},"s":{"0":2,"1":71,"2":71,"3":71,"4":71,"5":4,"6":4,"7":4,"8":2,"9":2,"10":1,"11":1,"12":1,"13":1,"14":1,"15":1,"16":1,"17":0,"18":3,"19":1,"20":3,"21":1,"22":59,"23":59,"24":59,"25":44,"26":59,"27":15,"28":6,"29":4,"30":1,"31":4,"32":3,"33":71},"f":{"0":71,"1":4,"2":59,"3":6,"4":4},"b":{"0":[1,1],"1":[0,0],"2":[1,2],"3":[1,2],"4":[44,15],"5":[15,44],"6":[1,3],"7":[3,1]},"_coverageSchema":"1a1c01bbd47fc00a2c39e90264f33305004495a9","hash":"fa142e8b49b25ba8afbb77d5174f821095d1a68c"}
,"D:\\Documentos\\ProyectosLab\\DEV001-burger-queen-api-client\\src\\components\\Menu.jsx": {"path":"D:\\Documentos\\ProyectosLab\\DEV001-burger-queen-api-client\\src\\components\\Menu.jsx","statementMap":{"0":{"start":{"line":6,"column":34},"end":{"line":6,"column":46}},"1":{"start":{"line":9,"column":24},"end":{"line":9,"column":59}},"2":{"start":{"line":10,"column":4},"end":{"line":18,"column":5}},"3":{"start":{"line":11,"column":23},"end":{"line":13,"column":8}},"4":{"start":{"line":14,"column":27},"end":{"line":14,"column":35}},"5":{"start":{"line":15,"column":6},"end":{"line":15,"column":31}},"6":{"start":{"line":17,"column":6},"end":{"line":17,"column":24}},"7":{"start":{"line":22,"column":4},"end":{"line":22,"column":22}},"8":{"start":{"line":24,"column":24},"end":{"line":24,"column":37}},"9":{"start":{"line":25,"column":4},"end":{"line":25,"column":28}},"10":{"start":{"line":28,"column":2},"end":{"line":30,"column":8}},"11":{"start":{"line":29,"column":4},"end":{"line":29,"column":28}},"12":{"start":{"line":32,"column":2},"end":{"line":60,"column":3}},"13":{"start":{"line":45,"column":8},"end":{"line":55,"column":9}}},"fnMap":{"0":{"name":"Menu","decl":{"start":{"line":5,"column":16},"end":{"line":5,"column":20}},"loc":{"start":{"line":5,"column":24},"end":{"line":61,"column":1}},"line":5},"1":{"name":"getProducts","decl":{"start":{"line":8,"column":17},"end":{"line":8,"column":28}},"loc":{"start":{"line":8,"column":43},"end":{"line":19,"column":3}},"line":8},"2":{"name":"handleMenu","decl":{"start":{"line":21,"column":17},"end":{"line":21,"column":27}},"loc":{"start":{"line":21,"column":32},"end":{"line":26,"column":3}},"line":21},"3":{"name":"(anonymous_3)","decl":{"start":{"line":28,"column":12},"end":{"line":28,"column":13}},"loc":{"start":{"line":28,"column":18},"end":{"line":30,"column":3}},"line":28},"4":{"name":"(anonymous_4)","decl":{"start":{"line":44,"column":47},"end":{"line":44,"column":48}},"loc":{"start":{"line":44,"column":60},"end":{"line":56,"column":7}},"line":44}},"branchMap":{},"s":{"0":0,"1":0,"2":0,"3":0,"4":0,"5":0,"6":0,"7":0,"8":0,"9":0,"10":0,"11":0,"12":0,"13":0},"f":{"0":0,"1":0,"2":0,"3":0,"4":0},"b":{}}
,"D:\\Documentos\\ProyectosLab\\DEV001-burger-queen-api-client\\src\\components\\Order.jsx": {"path":"D:\\Documentos\\ProyectosLab\\DEV001-burger-queen-api-client\\src\\components\\Order.jsx","statementMap":{"0":{"start":{"line":9,"column":28},"end":{"line":9,"column":38}},"1":{"start":{"line":10,"column":28},"end":{"line":10,"column":39}},"2":{"start":{"line":11,"column":27},"end":{"line":11,"column":44}},"3":{"start":{"line":13,"column":2},"end":{"line":17,"column":3}},"4":{"start":{"line":13,"column":18},"end":{"line":16,"column":9}},"5":{"start":{"line":14,"column":4},"end":{"line":16,"column":8}},"6":{"start":{"line":15,"column":7},"end":{"line":15,"column":34}},"7":{"start":{"line":20,"column":21},"end":{"line":20,"column":35}},"8":{"start":{"line":21,"column":4},"end":{"line":21,"column":22}},"9":{"start":{"line":25,"column":4},"end":{"line":25,"column":22}},"10":{"start":{"line":26,"column":24},"end":{"line":26,"column":71}},"11":{"start":{"line":27,"column":26},"end":{"line":27,"column":40}},"12":{"start":{"line":28,"column":19},"end":{"line":28,"column":28}},"13":{"start":{"line":29,"column":22},"end":{"line":29,"column":32}},"14":{"start":{"line":30,"column":18},"end":{"line":30,"column":101}},"15":{"start":{"line":31,"column":4},"end":{"line":31,"column":22}},"16":{"start":{"line":33,"column":21},"end":{"line":35,"column":6}},"17":{"start":{"line":36,"column":4},"end":{"line":40,"column":5}},"18":{"start":{"line":37,"column":6},"end":{"line":37,"column":44}},"19":{"start":{"line":39,"column":6},"end":{"line":39,"column":41}},"20":{"start":{"line":43,"column":2},"end":{"line":85,"column":3}},"21":{"start":{"line":64,"column":10},"end":{"line":72,"column":11}}},"fnMap":{"0":{"name":"Order","decl":{"start":{"line":7,"column":16},"end":{"line":7,"column":21}},"loc":{"start":{"line":7,"column":25},"end":{"line":86,"column":1}},"line":7},"1":{"name":"(anonymous_1)","decl":{"start":{"line":13,"column":12},"end":{"line":13,"column":13}},"loc":{"start":{"line":13,"column":18},"end":{"line":16,"column":9}},"line":13},"2":{"name":"(anonymous_2)","decl":{"start":{"line":13,"column":27},"end":{"line":13,"column":28}},"loc":{"start":{"line":14,"column":4},"end":{"line":16,"column":8}},"line":14},"3":{"name":"(anonymous_3)","decl":{"start":{"line":14,"column":24},"end":{"line":14,"column":25}},"loc":{"start":{"line":15,"column":7},"end":{"line":15,"column":34}},"line":15},"4":{"name":"handleSelected","decl":{"start":{"line":19,"column":11},"end":{"line":19,"column":25}},"loc":{"start":{"line":19,"column":30},"end":{"line":22,"column":3}},"line":19},"5":{"name":"handleSend","decl":{"start":{"line":24,"column":17},"end":{"line":24,"column":27}},"loc":{"start":{"line":24,"column":32},"end":{"line":41,"column":3}},"line":24},"6":{"name":"(anonymous_6)","decl":{"start":{"line":63,"column":26},"end":{"line":63,"column":27}},"loc":{"start":{"line":63,"column":36},"end":{"line":73,"column":9}},"line":63}},"branchMap":{"0":{"loc":{"start":{"line":36,"column":4},"end":{"line":40,"column":5}},"type":"if","locations":[{"start":{"line":36,"column":4},"end":{"line":40,"column":5}},{"start":{"line":38,"column":11},"end":{"line":40,"column":5}}],"line":36}},"s":{"0":0,"1":0,"2":0,"3":0,"4":0,"5":0,"6":0,"7":0,"8":0,"9":0,"10":0,"11":0,"12":0,"13":0,"14":0,"15":0,"16":0,"17":0,"18":0,"19":0,"20":0,"21":0},"f":{"0":0,"1":0,"2":0,"3":0,"4":0,"5":0,"6":0},"b":{"0":[0,0]}}
,"D:\\Documentos\\ProyectosLab\\DEV001-burger-queen-api-client\\src\\components\\OrderItem.jsx": {"path":"D:\\Documentos\\ProyectosLab\\DEV001-burger-queen-api-client\\src\\components\\OrderItem.jsx","statementMap":{"0":{"start":{"line":5,"column":30},"end":{"line":5,"column":41}},"1":{"start":{"line":6,"column":56},"end":{"line":6,"column":73}},"2":{"start":{"line":9,"column":4},"end":{"line":9,"column":22}},"3":{"start":{"line":10,"column":4},"end":{"line":10,"column":29}},"4":{"start":{"line":14,"column":4},"end":{"line":14,"column":22}},"5":{"start":{"line":15,"column":18},"end":{"line":15,"column":28}},"6":{"start":{"line":16,"column":4},"end":{"line":20,"column":6}},"7":{"start":{"line":17,"column":6},"end":{"line":19,"column":29}},"8":{"start":{"line":18,"column":8},"end":{"line":18,"column":21}},"9":{"start":{"line":19,"column":15},"end":{"line":19,"column":27}},"10":{"start":{"line":21,"column":4},"end":{"line":21,"column":33}},"11":{"start":{"line":25,"column":4},"end":{"line":25,"column":22}},"12":{"start":{"line":26,"column":18},"end":{"line":26,"column":28}},"13":{"start":{"line":27,"column":4},"end":{"line":27,"column":20}},"14":{"start":{"line":28,"column":4},"end":{"line":28,"column":33}},"15":{"start":{"line":31,"column":2},"end":{"line":52,"column":3}}},"fnMap":{"0":{"name":"OrderItem","decl":{"start":{"line":4,"column":16},"end":{"line":4,"column":25}},"loc":{"start":{"line":4,"column":55},"end":{"line":53,"column":1}},"line":4},"1":{"name":"handdleDeleteItem","decl":{"start":{"line":8,"column":11},"end":{"line":8,"column":28}},"loc":{"start":{"line":8,"column":33},"end":{"line":11,"column":3}},"line":8},"2":{"name":"handdleDecrease","decl":{"start":{"line":13,"column":11},"end":{"line":13,"column":26}},"loc":{"start":{"line":13,"column":31},"end":{"line":22,"column":3}},"line":13},"3":{"name":"(anonymous_3)","decl":{"start":{"line":16,"column":14},"end":{"line":16,"column":15}},"loc":{"start":{"line":16,"column":26},"end":{"line":20,"column":5}},"line":16},"4":{"name":"handdleIncrease","decl":{"start":{"line":24,"column":11},"end":{"line":24,"column":26}},"loc":{"start":{"line":24,"column":31},"end":{"line":29,"column":3}},"line":24}},"branchMap":{"0":{"loc":{"start":{"line":17,"column":6},"end":{"line":19,"column":29}},"type":"if","locations":[{"start":{"line":17,"column":6},"end":{"line":19,"column":29}},{"start":{"line":19,"column":13},"end":{"line":19,"column":29}}],"line":17}},"s":{"0":0,"1":0,"2":0,"3":0,"4":0,"5":0,"6":0,"7":0,"8":0,"9":0,"10":0,"11":0,"12":0,"13":0,"14":0,"15":0},"f":{"0":0,"1":0,"2":0,"3":0,"4":0},"b":{"0":[0,0]}}
,"D:\\Documentos\\ProyectosLab\\DEV001-burger-queen-api-client\\src\\components\\Product.jsx": {"path":"D:\\Documentos\\ProyectosLab\\DEV001-burger-queen-api-client\\src\\components\\Product.jsx","statementMap":{"0":{"start":{"line":5,"column":26},"end":{"line":5,"column":43}},"1":{"start":{"line":8,"column":4},"end":{"line":8,"column":22}},"2":{"start":{"line":9,"column":18},"end":{"line":9,"column":78}},"3":{"start":{"line":10,"column":4},"end":{"line":10,"column":22}},"4":{"start":{"line":13,"column":2},"end":{"line":29,"column":3}}},"fnMap":{"0":{"name":"Product","decl":{"start":{"line":4,"column":16},"end":{"line":4,"column":23}},"loc":{"start":{"line":4,"column":66},"end":{"line":30,"column":1}},"line":4},"1":{"name":"handleAdd","decl":{"start":{"line":7,"column":11},"end":{"line":7,"column":20}},"loc":{"start":{"line":7,"column":25},"end":{"line":11,"column":3}},"line":7}},"branchMap":{},"s":{"0":0,"1":0,"2":0,"3":0,"4":0},"f":{"0":0,"1":0},"b":{}}
,"D:\\Documentos\\ProyectosLab\\DEV001-burger-queen-api-client\\src\\components\\UserPanel.jsx": {"path":"D:\\Documentos\\ProyectosLab\\DEV001-burger-queen-api-client\\src\\components\\UserPanel.jsx","statementMap":{"0":{"start":{"line":6,"column":15},"end":{"line":6,"column":28}},"1":{"start":{"line":7,"column":22},"end":{"line":7,"column":69}},"2":{"start":{"line":8,"column":20},"end":{"line":8,"column":37}},"3":{"start":{"line":10,"column":4},"end":{"line":10,"column":22}},"4":{"start":{"line":11,"column":4},"end":{"line":11,"column":24}},"5":{"start":{"line":12,"column":4},"end":{"line":12,"column":13}},"6":{"start":{"line":17,"column":2},"end":{"line":24,"column":3}}},"fnMap":{"0":{"name":"UserPanel","decl":{"start":{"line":5,"column":16},"end":{"line":5,"column":25}},"loc":{"start":{"line":5,"column":29},"end":{"line":25,"column":1}},"line":5},"1":{"name":"logout","decl":{"start":{"line":9,"column":11},"end":{"line":9,"column":17}},"loc":{"start":{"line":9,"column":22},"end":{"line":15,"column":3}},"line":9}},"branchMap":{},"s":{"0":0,"1":0,"2":0,"3":0,"4":0,"5":0,"6":0},"f":{"0":0,"1":0},"b":{}}
,"D:\\Documentos\\ProyectosLab\\DEV001-burger-queen-api-client\\src\\contexts\\OrderContextProvider.jsx": {"path":"D:\\Documentos\\ProyectosLab\\DEV001-burger-queen-api-client\\src\\contexts\\OrderContextProvider.jsx","statementMap":{"0":{"start":{"line":3,"column":28},"end":{"line":3,"column":43}},"1":{"start":{"line":6,"column":16},"end":{"line":6,"column":40}},"2":{"start":{"line":8,"column":2},"end":{"line":10,"column":3}},"3":{"start":{"line":9,"column":4},"end":{"line":9,"column":82}},"4":{"start":{"line":12,"column":2},"end":{"line":12,"column":14}},"5":{"start":{"line":15,"column":36},"end":{"line":49,"column":1}},"6":{"start":{"line":16,"column":35},"end":{"line":16,"column":47}},"7":{"start":{"line":18,"column":22},"end":{"line":25,"column":3}},"8":{"start":{"line":19,"column":4},"end":{"line":24,"column":6}},"9":{"start":{"line":20,"column":6},"end":{"line":23,"column":7}},"10":{"start":{"line":27,"column":29},"end":{"line":36,"column":3}},"11":{"start":{"line":28,"column":22},"end":{"line":29,"column":32}},"12":{"start":{"line":29,"column":6},"end":{"line":29,"column":31}},"13":{"start":{"line":30,"column":4},"end":{"line":35,"column":6}},"14":{"start":{"line":31,"column":6},"end":{"line":31,"column":39}},"15":{"start":{"line":32,"column":6},"end":{"line":34,"column":7}},"16":{"start":{"line":38,"column":32},"end":{"line":42,"column":3}},"17":{"start":{"line":39,"column":4},"end":{"line":41,"column":5}},"18":{"start":{"line":39,"column":28},"end":{"line":40,"column":32}},"19":{"start":{"line":40,"column":6},"end":{"line":40,"column":31}},"20":{"start":{"line":44,"column":2},"end":{"line":48,"column":3}}},"fnMap":{"0":{"name":"useOrderContext","decl":{"start":{"line":5,"column":16},"end":{"line":5,"column":31}},"loc":{"start":{"line":5,"column":35},"end":{"line":13,"column":1}},"line":5},"1":{"name":"(anonymous_1)","decl":{"start":{"line":15,"column":36},"end":{"line":15,"column":37}},"loc":{"start":{"line":15,"column":54},"end":{"line":49,"column":1}},"line":15},"2":{"name":"(anonymous_2)","decl":{"start":{"line":18,"column":22},"end":{"line":18,"column":23}},"loc":{"start":{"line":18,"column":36},"end":{"line":25,"column":3}},"line":18},"3":{"name":"(anonymous_3)","decl":{"start":{"line":19,"column":13},"end":{"line":19,"column":14}},"loc":{"start":{"line":19,"column":28},"end":{"line":24,"column":5}},"line":19},"4":{"name":"(anonymous_4)","decl":{"start":{"line":27,"column":29},"end":{"line":27,"column":30}},"loc":{"start":{"line":27,"column":45},"end":{"line":36,"column":3}},"line":27},"5":{"name":"(anonymous_5)","decl":{"start":{"line":28,"column":45},"end":{"line":28,"column":46}},"loc":{"start":{"line":29,"column":6},"end":{"line":29,"column":31}},"line":29},"6":{"name":"(anonymous_6)","decl":{"start":{"line":30,"column":13},"end":{"line":30,"column":14}},"loc":{"start":{"line":30,"column":28},"end":{"line":35,"column":5}},"line":30},"7":{"name":"(anonymous_7)","decl":{"start":{"line":38,"column":32},"end":{"line":38,"column":33}},"loc":{"start":{"line":38,"column":40},"end":{"line":42,"column":3}},"line":38},"8":{"name":"(anonymous_8)","decl":{"start":{"line":39,"column":13},"end":{"line":39,"column":14}},"loc":{"start":{"line":39,"column":28},"end":{"line":40,"column":32}},"line":39},"9":{"name":"(anonymous_9)","decl":{"start":{"line":39,"column":45},"end":{"line":39,"column":46}},"loc":{"start":{"line":40,"column":6},"end":{"line":40,"column":31}},"line":40}},"branchMap":{"0":{"loc":{"start":{"line":8,"column":2},"end":{"line":10,"column":3}},"type":"if","locations":[{"start":{"line":8,"column":2},"end":{"line":10,"column":3}},{"start":{},"end":{}}],"line":8}},"s":{"0":0,"1":0,"2":0,"3":0,"4":0,"5":0,"6":0,"7":0,"8":0,"9":0,"10":0,"11":0,"12":0,"13":0,"14":0,"15":0,"16":0,"17":0,"18":0,"19":0,"20":0},"f":{"0":0,"1":0,"2":0,"3":0,"4":0,"5":0,"6":0,"7":0,"8":0,"9":0},"b":{"0":[0,0]}}
,"D:\\Documentos\\ProyectosLab\\DEV001-burger-queen-api-client\\src\\fetch-api\\httpRequest.js": {"path":"D:\\Documentos\\ProyectosLab\\DEV001-burger-queen-api-client\\src\\fetch-api\\httpRequest.js","statementMap":{"0":{"start":{"line":4,"column":26},"end":{"line":7,"column":5}},"1":{"start":{"line":8,"column":23},"end":{"line":8,"column":44}},"2":{"start":{"line":9,"column":4},"end":{"line":9,"column":38}},"3":{"start":{"line":10,"column":4},"end":{"line":10,"column":44}},"4":{"start":{"line":11,"column":4},"end":{"line":13,"column":21}},"5":{"start":{"line":14,"column":4},"end":{"line":14,"column":56}},"6":{"start":{"line":15,"column":4},"end":{"line":15,"column":42}},"7":{"start":{"line":15,"column":23},"end":{"line":15,"column":42}},"8":{"start":{"line":17,"column":4},"end":{"line":17,"column":46}},"9":{"start":{"line":17,"column":21},"end":{"line":17,"column":39}},"10":{"start":{"line":19,"column":4},"end":{"line":29,"column":30}},"11":{"start":{"line":21,"column":8},"end":{"line":27,"column":12}},"12":{"start":{"line":29,"column":24},"end":{"line":29,"column":29}},"13":{"start":{"line":33,"column":4},"end":{"line":33,"column":36}},"14":{"start":{"line":36,"column":4},"end":{"line":36,"column":27}},"15":{"start":{"line":37,"column":4},"end":{"line":37,"column":36}},"16":{"start":{"line":40,"column":4},"end":{"line":40,"column":26}},"17":{"start":{"line":41,"column":4},"end":{"line":41,"column":36}},"18":{"start":{"line":44,"column":4},"end":{"line":44,"column":29}},"19":{"start":{"line":45,"column":4},"end":{"line":45,"column":36}},"20":{"start":{"line":47,"column":2},"end":{"line":47,"column":32}}},"fnMap":{"0":{"name":"httpRequest","decl":{"start":{"line":2,"column":16},"end":{"line":2,"column":27}},"loc":{"start":{"line":2,"column":31},"end":{"line":48,"column":1}},"line":2},"1":{"name":"customFetch","decl":{"start":{"line":3,"column":11},"end":{"line":3,"column":22}},"loc":{"start":{"line":3,"column":43},"end":{"line":30,"column":3}},"line":3},"2":{"name":"(anonymous_2)","decl":{"start":{"line":17,"column":15},"end":{"line":17,"column":16}},"loc":{"start":{"line":17,"column":21},"end":{"line":17,"column":39}},"line":17},"3":{"name":"(anonymous_3)","decl":{"start":{"line":20,"column":12},"end":{"line":20,"column":13}},"loc":{"start":{"line":21,"column":8},"end":{"line":27,"column":12}},"line":21},"4":{"name":"(anonymous_4)","decl":{"start":{"line":29,"column":13},"end":{"line":29,"column":14}},"loc":{"start":{"line":29,"column":24},"end":{"line":29,"column":29}},"line":29},"5":{"name":"get","decl":{"start":{"line":32,"column":11},"end":{"line":32,"column":14}},"loc":{"start":{"line":32,"column":35},"end":{"line":34,"column":3}},"line":32},"6":{"name":"post","decl":{"start":{"line":35,"column":11},"end":{"line":35,"column":15}},"loc":{"start":{"line":35,"column":36},"end":{"line":38,"column":3}},"line":35},"7":{"name":"put","decl":{"start":{"line":39,"column":11},"end":{"line":39,"column":14}},"loc":{"start":{"line":39,"column":35},"end":{"line":42,"column":3}},"line":39},"8":{"name":"del","decl":{"start":{"line":43,"column":11},"end":{"line":43,"column":14}},"loc":{"start":{"line":43,"column":35},"end":{"line":46,"column":3}},"line":43}},"branchMap":{"0":{"loc":{"start":{"line":10,"column":21},"end":{"line":10,"column":44}},"type":"binary-expr","locations":[{"start":{"line":10,"column":21},"end":{"line":10,"column":35}},{"start":{"line":10,"column":39},"end":{"line":10,"column":44}}],"line":10},"1":{"loc":{"start":{"line":11,"column":22},"end":{"line":13,"column":21}},"type":"cond-expr","locations":[{"start":{"line":12,"column":8},"end":{"line":12,"column":48}},{"start":{"line":13,"column":8},"end":{"line":13,"column":21}}],"line":11},"2":{"loc":{"start":{"line":14,"column":19},"end":{"line":14,"column":56}},"type":"binary-expr","locations":[{"start":{"line":14,"column":19},"end":{"line":14,"column":47}},{"start":{"line":14,"column":51},"end":{"line":14,"column":56}}],"line":14},"3":{"loc":{"start":{"line":15,"column":4},"end":{"line":15,"column":42}},"type":"if","locations":[{"start":{"line":15,"column":4},"end":{"line":15,"column":42}},{"start":{},"end":{}}],"line":15},"4":{"loc":{"start":{"line":21,"column":8},"end":{"line":27,"column":12}},"type":"cond-expr","locations":[{"start":{"line":22,"column":12},"end":{"line":22,"column":27}},{"start":{"line":23,"column":12},"end":{"line":27,"column":12}}],"line":21},"5":{"loc":{"start":{"line":25,"column":20},"end":{"line":25,"column":43}},"type":"binary-expr","locations":[{"start":{"line":25,"column":20},"end":{"line":25,"column":35}},{"start":{"line":25,"column":39},"end":{"line":25,"column":43}}],"line":25},"6":{"loc":{"start":{"line":26,"column":21},"end":{"line":26,"column":69}},"type":"binary-expr","locations":[{"start":{"line":26,"column":21},"end":{"line":26,"column":40}},{"start":{"line":26,"column":44},"end":{"line":26,"column":69}}],"line":26},"7":{"loc":{"start":{"line":32,"column":21},"end":{"line":32,"column":33}},"type":"default-arg","locations":[{"start":{"line":32,"column":31},"end":{"line":32,"column":33}}],"line":32},"8":{"loc":{"start":{"line":35,"column":22},"end":{"line":35,"column":34}},"type":"default-arg","locations":[{"start":{"line":35,"column":32},"end":{"line":35,"column":34}}],"line":35},"9":{"loc":{"start":{"line":39,"column":21},"end":{"line":39,"column":33}},"type":"default-arg","locations":[{"start":{"line":39,"column":31},"end":{"line":39,"column":33}}],"line":39},"10":{"loc":{"start":{"line":43,"column":21},"end":{"line":43,"column":33}},"type":"default-arg","locations":[{"start":{"line":43,"column":31},"end":{"line":43,"column":33}}],"line":43}},"s":{"0":0,"1":0,"2":0,"3":0,"4":0,"5":0,"6":0,"7":0,"8":0,"9":0,"10":0,"11":0,"12":0,"13":0,"14":0,"15":0,"16":0,"17":0,"18":0,"19":0,"20":0},"f":{"0":0,"1":0,"2":0,"3":0,"4":0,"5":0,"6":0,"7":0,"8":0},"b":{"0":[0,0],"1":[0,0],"2":[0,0],"3":[0,0],"4":[0,0],"5":[0,0],"6":[0,0],"7":[0],"8":[0],"9":[0],"10":[0]},"_coverageSchema":"1a1c01bbd47fc00a2c39e90264f33305004495a9","hash":"ece0199b1b6e450666fe8e4f60fb0c1f54f34a47"}
,"D:\\Documentos\\ProyectosLab\\DEV001-burger-queen-api-client\\src\\pages\\Home.jsx": {"path":"D:\\Documentos\\ProyectosLab\\DEV001-burger-queen-api-client\\src\\pages\\Home.jsx","statementMap":{"0":{"start":{"line":8,"column":2},"end":{"line":11,"column":8}},"1":{"start":{"line":13,"column":2},"end":{"line":21,"column":3}}},"fnMap":{"0":{"name":"Home","decl":{"start":{"line":6,"column":16},"end":{"line":6,"column":20}},"loc":{"start":{"line":6,"column":24},"end":{"line":22,"column":1}},"line":6}},"branchMap":{},"s":{"0":3,"1":3},"f":{"0":3},"b":{},"_coverageSchema":"1a1c01bbd47fc00a2c39e90264f33305004495a9","hash":"b8c29f5a7a3018f7d3518c513c4f6c8d91a7b96b"}
,"D:\\Documentos\\ProyectosLab\\DEV001-burger-queen-api-client\\src\\pages\\WaiterPanel.jsx": {"path":"D:\\Documentos\\ProyectosLab\\DEV001-burger-queen-api-client\\src\\pages\\WaiterPanel.jsx","statementMap":{"0":{"start":{"line":10,"column":2},"end":{"line":21,"column":3}}},"fnMap":{"0":{"name":"WaiterPanel","decl":{"start":{"line":9,"column":16},"end":{"line":9,"column":27}},"loc":{"start":{"line":9,"column":31},"end":{"line":22,"column":1}},"line":9}},"branchMap":{},"s":{"0":0},"f":{"0":0},"b":{}}
,"D:\\Documentos\\ProyectosLab\\DEV001-burger-queen-api-client\\src\\utils\\validate.jsx": {"path":"D:\\Documentos\\ProyectosLab\\DEV001-burger-queen-api-client\\src\\utils\\validate.jsx","statementMap":{"0":{"start":{"line":2,"column":21},"end":{"line":2,"column":104}},"1":{"start":{"line":3,"column":2},"end":{"line":3,"column":31}},"2":{"start":{"line":7,"column":2},"end":{"line":7,"column":32}},"3":{"start":{"line":8,"column":2},"end":{"line":18,"column":4}},"4":{"start":{"line":9,"column":4},"end":{"line":13,"column":5}},"5":{"start":{"line":10,"column":6},"end":{"line":10,"column":60}},"6":{"start":{"line":11,"column":11},"end":{"line":13,"column":5}},"7":{"start":{"line":12,"column":6},"end":{"line":12,"column":57}},"8":{"start":{"line":14,"column":4},"end":{"line":16,"column":5}},"9":{"start":{"line":15,"column":6},"end":{"line":15,"column":66}},"10":{"start":{"line":17,"column":4},"end":{"line":17,"column":17}}},"fnMap":{"0":{"name":"validateEmail","decl":{"start":{"line":1,"column":16},"end":{"line":1,"column":29}},"loc":{"start":{"line":1,"column":38},"end":{"line":4,"column":1}},"line":1},"1":{"name":"validateForm","decl":{"start":{"line":6,"column":16},"end":{"line":6,"column":28}},"loc":{"start":{"line":6,"column":36},"end":{"line":19,"column":1}},"line":6},"2":{"name":"(anonymous_2)","decl":{"start":{"line":8,"column":21},"end":{"line":8,"column":22}},"loc":{"start":{"line":8,"column":42},"end":{"line":18,"column":3}},"line":8}},"branchMap":{"0":{"loc":{"start":{"line":9,"column":4},"end":{"line":13,"column":5}},"type":"if","locations":[{"start":{"line":9,"column":4},"end":{"line":13,"column":5}},{"start":{"line":11,"column":11},"end":{"line":13,"column":5}}],"line":9},"1":{"loc":{"start":{"line":11,"column":11},"end":{"line":13,"column":5}},"type":"if","locations":[{"start":{"line":11,"column":11},"end":{"line":13,"column":5}},{"start":{},"end":{}}],"line":11},"2":{"loc":{"start":{"line":14,"column":4},"end":{"line":16,"column":5}},"type":"if","locations":[{"start":{"line":14,"column":4},"end":{"line":16,"column":5}},{"start":{},"end":{}}],"line":14}},"s":{"0":10,"1":10,"2":10,"3":10,"4":10,"5":0,"6":10,"7":2,"8":10,"9":6,"10":10},"f":{"0":10,"1":10,"2":10},"b":{"0":[0,10],"1":[2,8],"2":[6,4]},"_coverageSchema":"1a1c01bbd47fc00a2c39e90264f33305004495a9","hash":"97801769364b9c60a17576e57008739a1f372b19"}
}
