TN:
SF:src\main.jsx
FNF:0
FNH:0
DA:8,0
DA:10,0
LF:2
LH:0
BRF:0
BRH:0
end_of_record
TN:
SF:src\router.jsx
FN:10,router
FNF:1
FNH:0
FNDA:0,router
DA:11,0
LF:1
LH:0
BRF:0
BRH:0
end_of_record
TN:
SF:src\components\Footer.jsx
FN:3,Footer
FNF:1
FNH:1
FNDA:4,Footer
DA:4,4
DA:5,4
LF:2
LH:2
BRF:0
BRH:0
end_of_record
TN:
SF:src\components\Home.jsx
FN:5,Home
FNF:1
FNH:1
FNDA:3,Home
DA:7,3
DA:12,3
LF:2
LH:2
BRF:0
BRH:0
end_of_record
TN:
SF:src\components\Login.jsx
FN:14,Login
FN:22,handleSubmit
FN:57,handleChange
FN:73,handleBlur
FN:75,(anonymous_4)
FNF:5
FNH:5
FNDA:71,Login
FNDA:4,handleSubmit
FNDA:59,handleChange
FNDA:6,handleBlur
FNDA:4,(anonymous_4)
DA:8,2
DA:15,71
DA:16,71
DA:17,71
DA:18,71
DA:19,71
DA:23,4
DA:25,4
DA:26,4
DA:28,2
DA:32,2
DA:33,1
DA:34,1
DA:35,1
DA:36,1
DA:37,1
DA:38,1
DA:39,0
DA:45,1
DA:48,3
DA:49,1
DA:51,3
DA:52,1
DA:58,59
DA:59,59
DA:65,59
DA:66,44
DA:68,59
DA:69,15
DA:74,6
DA:76,4
DA:77,1
DA:80,4
DA:81,3
DA:86,71
LF:35
LH:34
BRDA:32,0,0,1
BRDA:32,0,1,1
BRDA:38,1,0,0
BRDA:38,1,1,0
BRDA:48,2,0,1
BRDA:48,2,1,2
BRDA:51,3,0,1
BRDA:51,3,1,2
BRDA:65,4,0,44
BRDA:65,4,1,15
BRDA:68,5,0,15
BRDA:68,5,1,44
BRDA:76,6,0,1
BRDA:76,6,1,3
BRDA:80,7,0,3
BRDA:80,7,1,1
BRF:16
BRH:14
end_of_record
TN:
SF:src\components\UserPanel.jsx
FN:5,UserPanel
FN:9,logout
FNF:2
FNH:0
FNDA:0,UserPanel
FNDA:0,logout
DA:6,0
DA:7,0
DA:8,0
DA:10,0
DA:13,0
DA:16,0
LF:6
LH:0
BRF:0
BRH:0
end_of_record
TN:
SF:src\components\WaiterPanel.jsx
FN:5,WaiterPanel
FNF:1
FNH:0
FNDA:0,WaiterPanel
DA:6,0
LF:1
LH:0
BRF:0
BRH:0
end_of_record
TN:
SF:src\contexts\AuthContextProvider.jsx
FN:5,useAuthContext
FN:11,(anonymous_1)
FN:15,(anonymous_2)
FNF:3
FNH:1
FNDA:71,useAuthContext
FNDA:0,(anonymous_1)
FNDA:0,(anonymous_2)
DA:3,2
DA:6,71
DA:7,71
DA:11,2
DA:13,0
DA:15,0
DA:16,0
DA:22,0
LF:8
LH:4
BRF:0
BRH:0
end_of_record
TN:
SF:src\fetch-api\httpRequest.js
FN:2,httpRequest
FN:3,customFetch
FN:17,(anonymous_2)
FN:20,(anonymous_3)
FN:29,(anonymous_4)
FN:32,get
FN:35,post
FN:39,put
FN:43,del
FNF:9
FNH:0
FNDA:0,httpRequest
FNDA:0,customFetch
FNDA:0,(anonymous_2)
FNDA:0,(anonymous_3)
FNDA:0,(anonymous_4)
FNDA:0,get
FNDA:0,post
FNDA:0,put
FNDA:0,del
DA:4,0
DA:8,0
DA:9,0
DA:10,0
DA:11,0
DA:14,0
DA:15,0
DA:17,0
DA:19,0
DA:21,0
DA:29,0
DA:33,0
DA:36,0
DA:37,0
DA:40,0
DA:41,0
DA:44,0
DA:45,0
DA:47,0
LF:19
LH:0
BRDA:10,0,0,0
BRDA:10,0,1,0
BRDA:11,1,0,0
BRDA:11,1,1,0
BRDA:14,2,0,0
BRDA:14,2,1,0
BRDA:15,3,0,0
BRDA:15,3,1,0
BRDA:21,4,0,0
BRDA:21,4,1,0
BRDA:25,5,0,0
BRDA:25,5,1,0
BRDA:26,6,0,0
BRDA:26,6,1,0
BRDA:32,7,0,0
BRDA:35,8,0,0
BRDA:39,9,0,0
BRDA:43,10,0,0
BRF:18
BRH:0
end_of_record
TN:
SF:src\utils\validate.jsx
FN:1,validateEmail
FN:6,validateForm
FN:8,(anonymous_2)
FNF:3
FNH:3
FNDA:10,validateEmail
FNDA:10,validateForm
FNDA:10,(anonymous_2)
DA:2,10
DA:3,10
DA:7,10
DA:8,10
DA:9,10
DA:10,0
DA:11,10
DA:12,2
DA:14,10
DA:15,6
DA:17,10
LF:11
LH:10
BRDA:9,0,0,0
BRDA:9,0,1,10
BRDA:11,1,0,2
BRDA:11,1,1,8
BRDA:14,2,0,6
BRDA:14,2,1,4
BRF:6
BRH:5
end_of_record
