TN:
SF:src\Main.jsx
FNF:0
FNH:0
DA:8,0
DA:10,0
LF:2
LH:0
BRF:0
BRH:0
end_of_record
TN:
SF:src\Router.jsx
FN:10,router
FNF:1
FNH:0
FNDA:0,router
DA:11,0
LF:1
LH:0
BRF:0
BRH:0
end_of_record
TN:
SF:src\components\Footer.jsx
FN:3,Footer
FNF:1
FNH:1
FNDA:5,Footer
DA:4,5
LF:1
LH:1
BRF:0
BRH:0
end_of_record
TN:
SF:src\components\Home.jsx
FN:5,Home
FNF:1
FNH:1
FNDA:3,Home
DA:6,3
LF:1
LH:1
BRF:0
BRH:0
end_of_record
TN:
SF:src\components\Login.jsx
FN:13,Login
FN:19,handleSubmit
FN:23,(anonymous_2)
FN:28,(anonymous_3)
FN:40,(anonymous_4)
FN:44,(anonymous_5)
FN:55,handleChange
FN:71,handleBlur
FN:73,(anonymous_8)
FNF:9
FNH:7
FNDA:34,Login
FNDA:1,handleSubmit
FNDA:1,(anonymous_2)
FNDA:0,(anonymous_3)
FNDA:0,(anonymous_4)
FNDA:1,(anonymous_5)
FNDA:28,handleChange
FNDA:2,handleBlur
FNDA:1,(anonymous_8)
DA:7,2
DA:14,34
DA:15,34
DA:16,34
DA:17,34
DA:20,1
DA:22,1
DA:24,1
DA:30,0
DA:31,0
DA:32,0
DA:34,0
DA:35,0
DA:38,0
DA:41,0
DA:45,1
DA:46,0
DA:49,1
DA:50,0
DA:56,28
DA:57,28
DA:62,28
DA:63,28
DA:64,22
DA:66,28
DA:67,6
DA:72,2
DA:74,1
DA:75,1
DA:78,1
DA:79,0
DA:84,34
LF:32
LH:22
BRDA:30,0,0,0
BRDA:30,0,1,0
BRDA:45,1,0,0
BRDA:45,1,1,1
BRDA:49,2,0,0
BRDA:49,2,1,1
BRDA:63,3,0,22
BRDA:63,3,1,6
BRDA:66,4,0,6
BRDA:66,4,1,22
BRDA:74,5,0,1
BRDA:74,5,1,0
BRDA:78,6,0,0
BRDA:78,6,1,1
BRF:14
BRH:8
end_of_record
TN:
SF:src\components\WaiterPanel.jsx
FN:4,WaiterPanel
FNF:1
FNH:0
FNDA:0,WaiterPanel
DA:5,0
LF:1
LH:0
BRF:0
BRH:0
end_of_record
TN:
SF:src\controllers\login-controller.jsx
FN:1,validateEmail
FN:6,validateForm
FN:7,(anonymous_2)
FNF:3
FNH:3
FNDA:2,validateEmail
FNDA:3,validateForm
FNDA:3,(anonymous_2)
DA:2,2
DA:3,2
DA:7,3
DA:8,3
DA:10,1
DA:11,2
DA:13,0
DA:16,3
DA:18,0
DA:21,3
LF:10
LH:8
BRDA:8,0,0,1
BRDA:8,0,1,2
BRDA:11,1,0,0
BRDA:11,1,1,2
BRDA:16,2,0,0
BRDA:16,2,1,3
BRF:6
BRH:4
end_of_record
TN:
SF:src\fetch-api\httpRequest.jsx
FN:2,httpRequest
FN:3,customFetch
FN:17,(anonymous_2)
FN:20,(anonymous_3)
FN:29,(anonymous_4)
FN:32,get
FN:35,post
FN:39,put
FN:43,del
FNF:9
FNH:3
FNDA:1,httpRequest
FNDA:1,customFetch
FNDA:0,(anonymous_2)
FNDA:0,(anonymous_3)
FNDA:0,(anonymous_4)
FNDA:0,get
FNDA:1,post
FNDA:0,put
FNDA:0,del
DA:4,1
DA:8,1
DA:9,1
DA:10,1
DA:11,1
DA:14,1
DA:15,1
DA:17,1
DA:19,1
DA:21,0
DA:29,0
DA:33,0
DA:36,1
DA:37,1
DA:40,0
DA:41,0
DA:44,0
DA:45,0
DA:47,1
LF:19
LH:12
BRDA:10,0,0,1
BRDA:10,0,1,0
BRDA:11,1,0,0
BRDA:11,1,1,1
BRDA:14,2,0,1
BRDA:14,2,1,0
BRDA:15,3,0,0
BRDA:15,3,1,1
BRDA:21,4,0,0
BRDA:21,4,1,0
BRDA:25,5,0,0
BRDA:25,5,1,0
BRDA:26,6,0,0
BRDA:26,6,1,0
BRDA:32,7,0,0
BRDA:35,8,0,0
BRDA:39,9,0,0
BRDA:43,10,0,0
BRF:18
BRH:4
end_of_record
